                                                                                     
                              ABACUS v3.8.3

               Atomic-orbital Based Ab-initio Computation at UStc                    

                     Website: http://abacus.ustc.edu.cn/                             
               Documentation: https://abacus.deepmodeling.com/                       
                  Repository: https://github.com/abacusmodeling/abacus-develop       
                              https://github.com/deepmodeling/abacus-develop         
                      Commit: 422ea34 (Tue Nov 19 12:27:17 2024 +0800)

 Sat Nov 30 20:59:07 2024
 MAKE THE DIR         : OUT.ABACUS/
 RUNNING WITH DEVICE  : CPU / AMD EPYC 7702 64-Core Processor

%%%%%%%%%%%%%%%%%%%%%%%%%%%%%%%%%%%%%%%%%%%%%%%%%%%%%%%%%%%%%%%%%%%%%%%%%%%%%%%%%%%%%%%%%%%%%%%%%%%%%%%%%
 Warning: the number of valence electrons in pseudopotential > 1 for Li: [He] 2s1
 Pseudopotentials with additional electrons can yield (more) accurate outcomes, but may be less efficient.
 If you're confident that your chosen pseudopotential is appropriate, you can safely ignore this warning.
%%%%%%%%%%%%%%%%%%%%%%%%%%%%%%%%%%%%%%%%%%%%%%%%%%%%%%%%%%%%%%%%%%%%%%%%%%%%%%%%%%%%%%%%%%%%%%%%%%%%%%%%%

 UNIFORM GRID DIM        : 60 * 60 * 60
 UNIFORM GRID DIM(BIG)   : 15 * 15 * 15
 DONE(0.130973   SEC) : SETUP UNITCELL
 DONE(0.158077   SEC) : INIT K-POINTS
 ---------------------------------------------------------
 ---------------------------------------------------------
 SPIN    KPOINTS         PROCESSORS  THREADS     NBASE       
 1       3375            1           50          112         
 ---------------------------------------------------------
 Use Systematically Improvable Atomic bases
 ---------------------------------------------------------
 ELEMENT ORBITALS        NBASE       NATOM       XC          
 Li      4s1p-7au        7           16          
 ---------------------------------------------------------
 Initial plane wave basis and FFT box
 ---------------------------------------------------------
 DONE(2.72888    SEC) : INIT PLANEWAVE
 -------------------------------------------
 NONSELF-CONSISTENT : 
 -------------------------------------------
 START CHARGE      : file
 DONE(9.03217    SEC) : INIT SCF
 ITER       ETOT/eV          EDIFF/eV         DRHO     TIME/s
 GE1     -3.11338648e+03   0.00000000e+00   0.0000e+00 231.35
TIME STATISTICS
--------------------------------------------------------------------------------
      CLASS_NAME                  NAME            TIME/s  CALLS   AVG/s  PER/%  
--------------------------------------------------------------------------------
                       total                      243.28 9        27.03  100.00 
 Driver                reading                    0.04   1        0.04   0.02   
 Input_Conv            Convert                    0.00   1        0.00   0.00   
 Driver                driver_line                243.24 1        243.24 99.98  
 UnitCell              check_tau                  0.00   1        0.00   0.00   
 ESolver_KS_LCAO       before_all_runners         3.81   1        3.81   1.57   
 PW_Basis_Sup          setuptransform             0.02   1        0.02   0.01   
 PW_Basis_Sup          distributeg                0.00   1        0.00   0.00   
 mymath                heapsort                   0.01   3        0.00   0.01   
 PW_Basis_K            setuptransform             1.59   1        1.59   0.65   
 PW_Basis_K            distributeg                0.00   1        0.00   0.00   
 PW_Basis              setup_struc_factor         0.15   1        0.15   0.06   
 NOrbital_Lm           extra_uniform              0.03   5        0.01   0.01   
 Mathzone_Add1         SplineD2                   0.00   5        0.00   0.00   
 Mathzone_Add1         Cubic_Spline_Interpolation 0.00   5        0.00   0.00   
 ppcell_vl             init_vloc                  0.01   1        0.01   0.00   
 Ions                  opt_ions                   237.70 1        237.70 97.71  
 ESolver_KS_LCAO       runner                     237.70 1        237.70 97.71  
 ESolver_KS_LCAO       before_scf                 5.18   1        5.18   2.13   
 ESolver_KS_LCAO       beforesolver               0.05   1        0.05   0.02   
 ESolver_KS_LCAO       set_matrix_grid            0.03   1        0.03   0.01   
 atom_arrange          search                     0.00   1        0.00   0.00   
 Grid_Technique        init                       0.02   1        0.02   0.01   
 Grid_BigCell          grid_expansion_index       0.00   2        0.00   0.00   
 Grid_Driver           Find_atom                  0.00   96       0.00   0.00   
 Record_adj            for_2d                     0.01   1        0.01   0.00   
 LCAO_domain           grid_prepare               0.00   1        0.00   0.00   
 Veff                  initialize_HR              0.00   1        0.00   0.00   
 OverlapNew            initialize_SR              0.00   1        0.00   0.00   
 EkineticNew           initialize_HR              0.00   1        0.00   0.00   
 NonlocalNew           initialize_HR              0.02   1        0.02   0.01   
 Charge                set_rho_core               0.00   1        0.00   0.00   
 ModuleIO              read_rhog                  0.01   1        0.01   0.00   
 PW_Basis_Sup          recip2real                 3.92   13       0.30   1.61   
 PW_Basis_Sup          gathers_scatterp           0.01   13       0.00   0.00   
 Potential             init_pot                   4.61   1        4.61   1.89   
 Potential             update_from_charge         6.87   2        3.43   2.82   
 Potential             cal_fixed_v                0.49   1        0.49   0.20   
 PotLocal              cal_fixed_v                0.49   1        0.49   0.20   
 Potential             cal_v_eff                  6.37   2        3.19   2.62   
 H_Hartree_pw          v_hartree                  1.39   2        0.69   0.57   
 PW_Basis_Sup          real2recip                 3.92   14       0.28   1.61   
 PW_Basis_Sup          gatherp_scatters           0.01   14       0.00   0.00   
 PotXC                 cal_v_eff                  4.96   2        2.48   2.04   
 XC_Functional         v_xc                       4.96   2        2.48   2.04   
 Potential             interpolate_vrs            0.00   2        0.00   0.00   
 H_Ewald_pw            compute_ewald              0.02   1        0.02   0.01   
 Charge_Mixing         init_mixing                0.00   1        0.00   0.00   
 HSolverLCAO           solve                      228.75 1        228.75 94.03  
 HamiltLCAO            updateHk                   3.47   3375     0.00   1.43   
 OperatorLCAO          init                       1.60   10125    0.00   0.66   
 Veff                  contributeHR               0.42   1        0.42   0.17   
 Gint_interface        cal_gint                   0.42   1        0.42   0.17   
 Gint_interface        cal_gint_vlocal            0.40   1        0.40   0.16   
 Gint_Tools            cal_psir_ylm               0.01   68       0.00   0.00   
 Gint_k                transfer_pvpR              0.00   1        0.00   0.00   
 OverlapNew            calculate_SR               0.01   1        0.01   0.00   
 OverlapNew            contributeHk               1.85   3375     0.00   0.76   
 EkineticNew           contributeHR               0.02   1        0.02   0.01   
 EkineticNew           calculate_HR               0.02   1        0.02   0.01   
 NonlocalNew           contributeHR               0.14   1        0.14   0.06   
 NonlocalNew           calculate_HR               0.14   1        0.14   0.06   
 OperatorLCAO          contributeHk               0.81   3375     0.00   0.33   
 HSolverLCAO           hamiltSolvePsiK            221.43 3375     0.07   91.02  
 DiagoElpa             elpa_solve                 220.33 3375     0.07   90.57  
 elecstate             cal_dm                     3.10   1        3.10   1.27   
 psiMulPsiMpi          pdgemm                     2.45   3375     0.00   1.01   
 DensityMatrix         cal_DMR                    0.67   1        0.67   0.28   
 Charge_Mixing         get_drho                   0.01   1        0.01   0.00   
 ESolver_KS_LCAO       after_scf                  1.17   1        1.17   0.48   
 Charge                atomic_rho                 0.21   1        0.21   0.09   
 ModuleIO              write_rhog                 0.04   1        0.04   0.02   
 ESolver_KS_LCAO       out_deepks_labels          0.00   1        0.00   0.00   
 LCAO_Deepks_Interface out_deepks_labels          0.00   1        0.00   0.00   
 ESolver_KS_LCAO       after_all_runners          1.54   1        1.54   0.63   
--------------------------------------------------------------------------------


 START  Time  : Sat Nov 30 20:59:07 2024
 FINISH Time  : Sat Nov 30 21:03:11 2024
 TOTAL  Time  : 244
 SEE INFORMATION IN : OUT.ABACUS/
