                                                                                     
                              ABACUS v3.8.3

               Atomic-orbital Based Ab-initio Computation at UStc                    

                     Website: http://abacus.ustc.edu.cn/                             
               Documentation: https://abacus.deepmodeling.com/                       
                  Repository: https://github.com/abacusmodeling/abacus-develop       
                              https://github.com/deepmodeling/abacus-develop         
                      Commit: 422ea34 (Tue Nov 19 12:27:17 2024 +0800)

 Sun Dec  1 10:40:57 2024
 MAKE THE DIR         : OUT.ABACUS/
 RUNNING WITH DEVICE  : CPU / AMD EPYC 7702 64-Core Processor
 dft_functional readin is: hse
 dft_functional in pseudopot file is: PBE
 Please make sure this is what you need

%%%%%%%%%%%%%%%%%%%%%%%%%%%%%%%%%%%%%%%%%%%%%%%%%%%%%%%%%%%%%%%%%%%%%%%%%%%%%%%%%%%%%%%%%%%%%%%%%%%%%%%%%
 Warning: the number of valence electrons in pseudopotential > 1 for Li: [He] 2s1
 Pseudopotentials with additional electrons can yield (more) accurate outcomes, but may be less efficient.
 If you're confident that your chosen pseudopotential is appropriate, you can safely ignore this warning.
%%%%%%%%%%%%%%%%%%%%%%%%%%%%%%%%%%%%%%%%%%%%%%%%%%%%%%%%%%%%%%%%%%%%%%%%%%%%%%%%%%%%%%%%%%%%%%%%%%%%%%%%%

 UNIFORM GRID DIM        : 60 * 60 * 60
 UNIFORM GRID DIM(BIG)   : 15 * 15 * 15
 DONE(0.121496   SEC) : SETUP UNITCELL
 DONE(0.148198   SEC) : INIT K-POINTS
 ---------------------------------------------------------
 ---------------------------------------------------------
 SPIN    KPOINTS         PROCESSORS  THREADS     NBASE       
 1       3375            1           40          112         
 ---------------------------------------------------------
 Use Systematically Improvable Atomic bases
 ---------------------------------------------------------
 ELEMENT ORBITALS        NBASE       NATOM       XC          
 Li      4s1p-7au        7           16          
 ---------------------------------------------------------
 Initial plane wave basis and FFT box
 ---------------------------------------------------------
 DONE(2.6594     SEC) : INIT PLANEWAVE
 -------------------------------------------
 NONSELF-CONSISTENT : 
 -------------------------------------------
 START CHARGE      : file
 DONE(13.4606    SEC) : INIT SCF
 ITER       ETOT/eV          EDIFF/eV         DRHO     TIME/s
 GE1     -3.28130195e+03   0.00000000e+00   0.0000e+00 157.18
TIME STATISTICS
--------------------------------------------------------------------------------
      CLASS_NAME                  NAME            TIME/s  CALLS   AVG/s  PER/%  
--------------------------------------------------------------------------------
                       total                      173.25 9        19.25  100.00 
 Driver                reading                    0.03   1        0.03   0.02   
 Input_Conv            Convert                    0.00   1        0.00   0.00   
 Driver                driver_line                173.22 1        173.22 99.98  
 UnitCell              check_tau                  0.00   1        0.00   0.00   
 ESolver_KS_LCAO       before_all_runners         3.67   1        3.67   2.12   
 PW_Basis_Sup          setuptransform             0.02   1        0.02   0.01   
 PW_Basis_Sup          distributeg                0.00   1        0.00   0.00   
 mymath                heapsort                   0.01   3        0.00   0.01   
 PW_Basis_K            setuptransform             1.60   1        1.60   0.93   
 PW_Basis_K            distributeg                0.00   1        0.00   0.00   
 PW_Basis              setup_struc_factor         0.19   1        0.19   0.11   
 NOrbital_Lm           extra_uniform              0.03   5        0.01   0.02   
 Mathzone_Add1         SplineD2                   0.00   5        0.00   0.00   
 Mathzone_Add1         Cubic_Spline_Interpolation 0.00   5        0.00   0.00   
 ppcell_vl             init_vloc                  0.01   1        0.01   0.01   
 Ions                  opt_ions                   167.52 1        167.52 96.69  
 ESolver_KS_LCAO       runner                     167.52 1        167.52 96.69  
 ESolver_KS_LCAO       before_scf                 9.76   1        9.76   5.63   
 ESolver_KS_LCAO       beforesolver               2.20   1        2.20   1.27   
 ESolver_KS_LCAO       set_matrix_grid            0.03   1        0.03   0.02   
 atom_arrange          search                     0.00   1        0.00   0.00   
 Grid_Technique        init                       0.02   1        0.02   0.01   
 Grid_BigCell          grid_expansion_index       0.00   2        0.00   0.00   
 Grid_Driver           Find_atom                  0.00   96       0.00   0.00   
 Record_adj            for_2d                     0.01   1        0.01   0.01   
 LCAO_domain           grid_prepare               0.00   1        0.00   0.00   
 Veff                  initialize_HR              0.00   1        0.00   0.00   
 OverlapNew            initialize_SR              0.00   1        0.00   0.00   
 EkineticNew           initialize_HR              0.00   1        0.00   0.00   
 NonlocalNew           initialize_HR              0.01   1        0.01   0.01   
 Charge                set_rho_core               0.00   1        0.00   0.00   
 ModuleIO              read_rhog                  0.01   1        0.01   0.01   
 PW_Basis_Sup          recip2real                 5.18   13       0.40   2.99   
 PW_Basis_Sup          gathers_scatterp           0.01   13       0.00   0.00   
 Potential             init_pot                   6.77   1        6.77   3.91   
 Potential             update_from_charge         7.80   2        3.90   4.50   
 Potential             cal_fixed_v                0.76   1        0.76   0.44   
 PotLocal              cal_fixed_v                0.76   1        0.76   0.44   
 Potential             cal_v_eff                  7.04   2        3.52   4.06   
 H_Hartree_pw          v_hartree                  2.10   2        1.05   1.21   
 PW_Basis_Sup          real2recip                 2.76   12       0.23   1.59   
 PW_Basis_Sup          gatherp_scatters           0.01   12       0.00   0.01   
 PotXC                 cal_v_eff                  4.89   2        2.44   2.82   
 XC_Functional         v_xc                       160.36 1        160.36 92.56  
 XC_Functional_Libxc   v_xc_libxc                 4.89   2        2.44   2.82   
 Potential             interpolate_vrs            0.00   2        0.00   0.00   
 H_Ewald_pw            compute_ewald              0.00   1        0.00   0.00   
 Charge_Mixing         init_mixing                0.00   1        0.00   0.00   
 HSolverLCAO           solve                      155.90 1        155.90 89.98  
 HamiltLCAO            updateHk                   15.98  3375     0.00   9.22   
 OperatorLCAO          init                       0.55   13500    0.00   0.31   
 Veff                  contributeHR               0.17   1        0.17   0.10   
 Gint_interface        cal_gint                   0.17   1        0.17   0.10   
 Gint_interface        cal_gint_vlocal            0.16   1        0.16   0.09   
 Gint_Tools            cal_psir_ylm               0.01   85       0.00   0.01   
 Gint_k                transfer_pvpR              0.00   1        0.00   0.00   
 OverlapNew            calculate_SR               0.01   1        0.01   0.01   
 OverlapNew            contributeHk               1.29   3375     0.00   0.75   
 EkineticNew           contributeHR               0.02   1        0.02   0.01   
 EkineticNew           calculate_HR               0.01   1        0.01   0.01   
 NonlocalNew           contributeHR               0.12   1        0.12   0.07   
 NonlocalNew           calculate_HR               0.10   1        0.10   0.06   
 RI_2D_Comm            add_HexxR                  0.09   1        0.09   0.05   
 OperatorLCAO          contributeHk               14.03  3375     0.00   8.10   
 HSolverLCAO           hamiltSolvePsiK            125.87 3375     0.04   72.65  
 DiagoElpa             elpa_solve                 124.69 3375     0.04   71.97  
 elecstate             cal_dm                     2.12   1        2.12   1.22   
 psiMulPsiMpi          pdgemm                     1.64   3375     0.00   0.94   
 DensityMatrix         cal_DMR                    11.88  1        11.88  6.86   
 Charge_Mixing         get_drho                   0.01   1        0.01   0.00   
 ESolver_KS_LCAO       after_scf                  0.59   1        0.59   0.34   
 Charge                atomic_rho                 0.07   1        0.07   0.04   
 ModuleIO              write_rhog                 0.05   1        0.05   0.03   
 ESolver_KS_LCAO       out_deepks_labels          0.00   1        0.00   0.00   
 LCAO_Deepks_Interface out_deepks_labels          0.00   1        0.00   0.00   
 ESolver_KS_LCAO       after_all_runners          1.76   1        1.76   1.02   
--------------------------------------------------------------------------------


 START  Time  : Sun Dec  1 10:40:57 2024
 FINISH Time  : Sun Dec  1 10:43:50 2024
 TOTAL  Time  : 173
 SEE INFORMATION IN : OUT.ABACUS/
