                                                                                     
                              ABACUS v3.8.3

               Atomic-orbital Based Ab-initio Computation at UStc                    

                     Website: http://abacus.ustc.edu.cn/                             
               Documentation: https://abacus.deepmodeling.com/                       
                  Repository: https://github.com/abacusmodeling/abacus-develop       
                              https://github.com/deepmodeling/abacus-develop         
                      Commit: 422ea34 (Tue Nov 19 12:27:17 2024 +0800)

 Sat Nov 30 20:39:23 2024
 MAKE THE DIR         : OUT.ABACUS/
 RUNNING WITH DEVICE  : CPU / Intel(R) Xeon(R) Gold 6430

%%%%%%%%%%%%%%%%%%%%%%%%%%%%%%%%%%%%%%%%%%%%%%%%%%%%%%%%%%%%%%%%%%%%%%%%%%%%%%%%%%%%%%%%%%%%%%%%%%%%%%%%%
 Warning: the number of valence electrons in pseudopotential > 1 for Li: [He] 2s1
 Pseudopotentials with additional electrons can yield (more) accurate outcomes, but may be less efficient.
 If you're confident that your chosen pseudopotential is appropriate, you can safely ignore this warning.
%%%%%%%%%%%%%%%%%%%%%%%%%%%%%%%%%%%%%%%%%%%%%%%%%%%%%%%%%%%%%%%%%%%%%%%%%%%%%%%%%%%%%%%%%%%%%%%%%%%%%%%%%

 UNIFORM GRID DIM        : 100 * 120 * 108
 UNIFORM GRID DIM(BIG)   : 20 * 24 * 27
 DONE(0.267      SEC) : SETUP UNITCELL
 DONE(0.271183   SEC) : INIT K-POINTS
 ---------------------------------------------------------
 ---------------------------------------------------------
 SPIN    KPOINTS         PROCESSORS  THREADS     NBASE       
 1       512             1           50          616         
 ---------------------------------------------------------
 Use Systematically Improvable Atomic bases
 ---------------------------------------------------------
 ELEMENT ORBITALS        NBASE       NATOM       XC          
 Li      4s1p-7au        7           88          
 ---------------------------------------------------------
 Initial plane wave basis and FFT box
 ---------------------------------------------------------
 DONE(1.82617    SEC) : INIT PLANEWAVE
 -------------------------------------------
 NONSELF-CONSISTENT : 
 -------------------------------------------
 START CHARGE      : file
 DONE(4.56169    SEC) : INIT SCF
 ITER       ETOT/eV          EDIFF/eV         DRHO     TIME/s
 GE1     -1.71229378e+04   0.00000000e+00   0.0000e+00  49.21
TIME STATISTICS
--------------------------------------------------------------------------------
      CLASS_NAME                  NAME            TIME/s  CALLS   AVG/s  PER/%  
--------------------------------------------------------------------------------
                       total                      55.87  9        6.21   100.00 
 Driver                reading                    0.03   1        0.03   0.05   
 Input_Conv            Convert                    0.00   1        0.00   0.00   
 Driver                driver_line                55.84  1        55.84  99.95  
 UnitCell              check_tau                  0.00   1        0.00   0.00   
 ESolver_KS_LCAO       before_all_runners         3.14   1        3.14   5.63   
 PW_Basis_Sup          setuptransform             0.04   1        0.04   0.07   
 PW_Basis_Sup          distributeg                0.01   1        0.01   0.01   
 mymath                heapsort                   0.10   3        0.03   0.18   
 PW_Basis_K            setuptransform             0.98   1        0.98   1.76   
 PW_Basis_K            distributeg                0.00   1        0.00   0.01   
 PW_Basis              setup_struc_factor         0.25   1        0.25   0.44   
 NOrbital_Lm           extra_uniform              0.00   5        0.00   0.00   
 Mathzone_Add1         SplineD2                   0.00   5        0.00   0.00   
 Mathzone_Add1         Cubic_Spline_Interpolation 0.00   5        0.00   0.00   
 ppcell_vl             init_vloc                  0.12   1        0.12   0.21   
 Ions                  opt_ions                   51.75  1        51.75  92.63  
 ESolver_KS_LCAO       runner                     51.75  1        51.75  92.63  
 ESolver_KS_LCAO       before_scf                 1.38   1        1.38   2.48   
 ESolver_KS_LCAO       beforesolver               0.24   1        0.24   0.44   
 ESolver_KS_LCAO       set_matrix_grid            0.14   1        0.14   0.24   
 atom_arrange          search                     0.01   1        0.01   0.02   
 Grid_Technique        init                       0.09   1        0.09   0.16   
 Grid_BigCell          grid_expansion_index       0.00   2        0.00   0.00   
 Grid_Driver           Find_atom                  0.00   528      0.00   0.01   
 Record_adj            for_2d                     0.03   1        0.03   0.05   
 LCAO_domain           grid_prepare               0.00   1        0.00   0.00   
 Veff                  initialize_HR              0.01   1        0.01   0.02   
 OverlapNew            initialize_SR              0.01   1        0.01   0.02   
 EkineticNew           initialize_HR              0.01   1        0.01   0.02   
 NonlocalNew           initialize_HR              0.05   1        0.05   0.10   
 Charge                set_rho_core               0.00   1        0.00   0.00   
 ModuleIO              read_rhog                  0.08   1        0.08   0.15   
 PW_Basis_Sup          recip2real                 0.93   13       0.07   1.66   
 PW_Basis_Sup          gathers_scatterp           0.01   13       0.00   0.01   
 Potential             init_pot                   0.93   1        0.93   1.67   
 Potential             update_from_charge         1.78   2        0.89   3.19   
 Potential             cal_fixed_v                0.08   1        0.08   0.14   
 PotLocal              cal_fixed_v                0.08   1        0.08   0.14   
 Potential             cal_v_eff                  1.70   2        0.85   3.05   
 H_Hartree_pw          v_hartree                  0.31   2        0.15   0.55   
 PW_Basis_Sup          real2recip                 1.00   14       0.07   1.79   
 PW_Basis_Sup          gatherp_scatters           0.00   14       0.00   0.00   
 PotXC                 cal_v_eff                  1.39   2        0.69   2.49   
 XC_Functional         v_xc                       1.39   2        0.69   2.48   
 Potential             interpolate_vrs            0.00   2        0.00   0.01   
 H_Ewald_pw            compute_ewald              0.04   1        0.04   0.06   
 Charge_Mixing         init_mixing                0.00   1        0.00   0.00   
 HSolverLCAO           solve                      48.16  1        48.16  86.19  
 HamiltLCAO            updateHk                   2.22   512      0.00   3.97   
 OperatorLCAO          init                       1.66   1536     0.00   2.98   
 Veff                  contributeHR               0.55   1        0.55   0.99   
 Gint_interface        cal_gint                   0.54   1        0.54   0.97   
 Gint_interface        cal_gint_vlocal            0.52   1        0.52   0.93   
 Gint_Tools            cal_psir_ylm               0.06   260      0.00   0.10   
 Gint_k                transfer_pvpR              0.01   1        0.01   0.02   
 OverlapNew            calculate_SR               0.04   1        0.04   0.07   
 OverlapNew            contributeHk               0.51   512      0.00   0.91   
 EkineticNew           contributeHR               0.05   1        0.05   0.09   
 EkineticNew           calculate_HR               0.05   1        0.05   0.08   
 NonlocalNew           contributeHR               0.59   1        0.59   1.05   
 NonlocalNew           calculate_HR               0.58   1        0.58   1.04   
 OperatorLCAO          contributeHk               0.20   512      0.00   0.35   
 HSolverLCAO           hamiltSolvePsiK            43.55  512      0.09   77.94  
 DiagoElpa             elpa_solve                 43.03  512      0.08   77.01  
 elecstate             cal_dm                     2.11   1        2.11   3.78   
 psiMulPsiMpi          pdgemm                     1.95   512      0.00   3.49   
 DensityMatrix         cal_DMR                    0.24   1        0.24   0.43   
 Charge_Mixing         get_drho                   0.00   1        0.00   0.00   
 ESolver_KS_LCAO       after_scf                  1.16   1        1.16   2.08   
 Charge                atomic_rho                 0.18   1        0.18   0.32   
 ModuleIO              write_rhog                 0.14   1        0.14   0.25   
 ESolver_KS_LCAO       out_deepks_labels          0.00   1        0.00   0.00   
 LCAO_Deepks_Interface out_deepks_labels          0.00   1        0.00   0.00   
 ESolver_KS_LCAO       after_all_runners          0.83   1        0.83   1.48   
--------------------------------------------------------------------------------


 START  Time  : Sat Nov 30 20:39:23 2024
 FINISH Time  : Sat Nov 30 20:40:19 2024
 TOTAL  Time  : 56
 SEE INFORMATION IN : OUT.ABACUS/
