                                                                                     
                              ABACUS v3.8.3

               Atomic-orbital Based Ab-initio Computation at UStc                    

                     Website: http://abacus.ustc.edu.cn/                             
               Documentation: https://abacus.deepmodeling.com/                       
                  Repository: https://github.com/abacusmodeling/abacus-develop       
                              https://github.com/deepmodeling/abacus-develop         
                      Commit: 422ea34 (Tue Nov 19 12:27:17 2024 +0800)

 Tue Dec  3 01:35:34 2024
 MAKE THE DIR         : OUT.ABACUS/
 RUNNING WITH DEVICE  : CPU / Intel(R) Xeon(R) Gold 6430
 dft_functional readin is: hse
 dft_functional in pseudopot file is: PBE
 Please make sure this is what you need

%%%%%%%%%%%%%%%%%%%%%%%%%%%%%%%%%%%%%%%%%%%%%%%%%%%%%%%%%%%%%%%%%%%%%%%%%%%%%%%%%%%%%%%%%%%%%%%%%%%%%%%%%
 Warning: the number of valence electrons in pseudopotential > 1 for Li: [He] 2s1
 Pseudopotentials with additional electrons can yield (more) accurate outcomes, but may be less efficient.
 If you're confident that your chosen pseudopotential is appropriate, you can safely ignore this warning.
%%%%%%%%%%%%%%%%%%%%%%%%%%%%%%%%%%%%%%%%%%%%%%%%%%%%%%%%%%%%%%%%%%%%%%%%%%%%%%%%%%%%%%%%%%%%%%%%%%%%%%%%%

 UNIFORM GRID DIM        : 100 * 120 * 108
 UNIFORM GRID DIM(BIG)   : 20 * 24 * 27
 DONE(0.26403    SEC) : SETUP UNITCELL
 DONE(0.268152   SEC) : INIT K-POINTS
 ---------------------------------------------------------
 ---------------------------------------------------------
 SPIN    KPOINTS         PROCESSORS  THREADS     NBASE       
 1       512             1           50          616         
 ---------------------------------------------------------
 Use Systematically Improvable Atomic bases
 ---------------------------------------------------------
 ELEMENT ORBITALS        NBASE       NATOM       XC          
 Li      4s1p-7au        7           88          
 ---------------------------------------------------------
 Initial plane wave basis and FFT box
 ---------------------------------------------------------
 DONE(1.83323    SEC) : INIT PLANEWAVE
 -------------------------------------------
 NONSELF-CONSISTENT : 
 -------------------------------------------
 START CHARGE      : file
 DONE(19.5476    SEC) : INIT SCF
 ITER       ETOT/eV          EDIFF/eV         DRHO     TIME/s
 GE1     -1.80477641e+04   0.00000000e+00   0.0000e+00  70.47
TIME STATISTICS
--------------------------------------------------------------------------------
      CLASS_NAME                  NAME            TIME/s  CALLS   AVG/s  PER/%  
--------------------------------------------------------------------------------
                       total                      92.56  9        10.28  100.00 
 Driver                reading                    0.03   1        0.03   0.03   
 Input_Conv            Convert                    0.00   1        0.00   0.00   
 Driver                driver_line                92.53  1        92.53  99.97  
 UnitCell              check_tau                  0.00   1        0.00   0.00   
 ESolver_KS_LCAO       before_all_runners         3.19   1        3.19   3.44   
 PW_Basis_Sup          setuptransform             0.04   1        0.04   0.04   
 PW_Basis_Sup          distributeg                0.01   1        0.01   0.01   
 mymath                heapsort                   0.10   3        0.03   0.11   
 PW_Basis_K            setuptransform             0.99   1        0.99   1.06   
 PW_Basis_K            distributeg                0.00   1        0.00   0.00   
 PW_Basis              setup_struc_factor         0.22   1        0.22   0.24   
 NOrbital_Lm           extra_uniform              0.00   5        0.00   0.00   
 Mathzone_Add1         SplineD2                   0.00   5        0.00   0.00   
 Mathzone_Add1         Cubic_Spline_Interpolation 0.00   5        0.00   0.00   
 ppcell_vl             init_vloc                  0.14   1        0.14   0.15   
 Ions                  opt_ions                   87.95  1        87.95  95.02  
 ESolver_KS_LCAO       runner                     87.95  1        87.95  95.02  
 ESolver_KS_LCAO       before_scf                 16.33  1        16.33  17.64  
 ESolver_KS_LCAO       beforesolver               12.82  1        12.82  13.85  
 ESolver_KS_LCAO       set_matrix_grid            0.14   1        0.14   0.15   
 atom_arrange          search                     0.01   1        0.01   0.01   
 Grid_Technique        init                       0.09   1        0.09   0.10   
 Grid_BigCell          grid_expansion_index       0.00   2        0.00   0.00   
 Grid_Driver           Find_atom                  0.00   528      0.00   0.00   
 Record_adj            for_2d                     0.03   1        0.03   0.03   
 LCAO_domain           grid_prepare               0.00   1        0.00   0.00   
 Veff                  initialize_HR              0.01   1        0.01   0.01   
 OverlapNew            initialize_SR              0.01   1        0.01   0.01   
 EkineticNew           initialize_HR              0.01   1        0.01   0.01   
 NonlocalNew           initialize_HR              0.05   1        0.05   0.06   
 Charge                set_rho_core               0.00   1        0.00   0.00   
 ModuleIO              read_rhog                  0.07   1        0.07   0.07   
 PW_Basis_Sup          recip2real                 0.96   13       0.07   1.04   
 PW_Basis_Sup          gathers_scatterp           0.01   13       0.00   0.01   
 Potential             init_pot                   3.11   1        3.11   3.36   
 Potential             update_from_charge         5.63   2        2.81   6.08   
 Potential             cal_fixed_v                0.08   1        0.08   0.09   
 PotLocal              cal_fixed_v                0.08   1        0.08   0.09   
 Potential             cal_v_eff                  5.54   2        2.77   5.99   
 H_Hartree_pw          v_hartree                  0.33   2        0.17   0.36   
 PW_Basis_Sup          real2recip                 1.02   12       0.08   1.10   
 PW_Basis_Sup          gatherp_scatters           0.00   12       0.00   0.00   
 PotXC                 cal_v_eff                  5.21   2        2.60   5.62   
 XC_Functional         v_xc                       71.24  1        71.24  76.97  
 XC_Functional_Libxc   v_xc_libxc                 5.20   2        2.60   5.62   
 Potential             interpolate_vrs            0.00   2        0.00   0.00   
 H_Ewald_pw            compute_ewald              0.03   1        0.03   0.03   
 Charge_Mixing         init_mixing                0.00   1        0.00   0.00   
 HSolverLCAO           solve                      67.74  1        67.74  73.19  
 HamiltLCAO            updateHk                   12.21  512      0.02   13.19  
 OperatorLCAO          init                       1.98   2048     0.00   2.14   
 Veff                  contributeHR               0.62   1        0.62   0.67   
 Gint_interface        cal_gint                   0.61   1        0.61   0.66   
 Gint_interface        cal_gint_vlocal            0.60   1        0.60   0.65   
 Gint_Tools            cal_psir_ylm               0.07   260      0.00   0.07   
 Gint_k                transfer_pvpR              0.01   1        0.01   0.01   
 OverlapNew            calculate_SR               0.05   1        0.05   0.05   
 OverlapNew            contributeHk               0.52   512      0.00   0.56   
 EkineticNew           contributeHR               0.24   1        0.24   0.26   
 EkineticNew           calculate_HR               0.05   1        0.05   0.06   
 NonlocalNew           contributeHR               0.83   1        0.83   0.90   
 NonlocalNew           calculate_HR               0.69   1        0.69   0.74   
 RI_2D_Comm            add_HexxR                  0.89   1        0.89   0.96   
 OperatorLCAO          contributeHk               8.77   512      0.02   9.48   
 HSolverLCAO           hamiltSolvePsiK            43.60  512      0.09   47.10  
 DiagoElpa             elpa_solve                 43.09  512      0.08   46.55  
 elecstate             cal_dm                     2.19   1        2.19   2.37   
 psiMulPsiMpi          pdgemm                     2.04   512      0.00   2.20   
 DensityMatrix         cal_DMR                    9.70   1        9.70   10.49  
 Charge_Mixing         get_drho                   0.01   1        0.01   0.01   
 ESolver_KS_LCAO       after_scf                  1.16   1        1.16   1.25   
 Charge                atomic_rho                 0.18   1        0.18   0.19   
 ModuleIO              write_rhog                 0.14   1        0.14   0.15   
 ESolver_KS_LCAO       out_deepks_labels          0.00   1        0.00   0.00   
 LCAO_Deepks_Interface out_deepks_labels          0.00   1        0.00   0.00   
 ESolver_KS_LCAO       after_all_runners          0.90   1        0.90   0.98   
--------------------------------------------------------------------------------


 START  Time  : Tue Dec  3 01:35:34 2024
 FINISH Time  : Tue Dec  3 01:37:06 2024
 TOTAL  Time  : 92
 SEE INFORMATION IN : OUT.ABACUS/
