                                                                                     
                              ABACUS v3.8.3

               Atomic-orbital Based Ab-initio Computation at UStc                    

                     Website: http://abacus.ustc.edu.cn/                             
               Documentation: https://abacus.deepmodeling.com/                       
                  Repository: https://github.com/abacusmodeling/abacus-develop       
                              https://github.com/deepmodeling/abacus-develop         
                      Commit: 422ea34 (Tue Nov 19 12:27:17 2024 +0800)

 Sat Nov 30 22:40:11 2024
 MAKE THE DIR         : OUT.ABACUS/
 RUNNING WITH DEVICE  : CPU / Intel(R) Xeon(R) Gold 6430
 dft_functional readin is: hse
 dft_functional in pseudopot file is: PBE
 Please make sure this is what you need

%%%%%%%%%%%%%%%%%%%%%%%%%%%%%%%%%%%%%%%%%%%%%%%%%%%%%%%%%%%%%%%%%%%%%%%%%%%%%%%%%%%%%%%%%%%%%%%%%%%%%%%%%
 Warning: the number of valence electrons in pseudopotential > 1 for Li: [He] 2s1
 Pseudopotentials with additional electrons can yield (more) accurate outcomes, but may be less efficient.
 If you're confident that your chosen pseudopotential is appropriate, you can safely ignore this warning.
%%%%%%%%%%%%%%%%%%%%%%%%%%%%%%%%%%%%%%%%%%%%%%%%%%%%%%%%%%%%%%%%%%%%%%%%%%%%%%%%%%%%%%%%%%%%%%%%%%%%%%%%%

 UNIFORM GRID DIM        : 100 * 120 * 108
 UNIFORM GRID DIM(BIG)   : 20 * 24 * 27
 DONE(0.320558   SEC) : SETUP UNITCELL
 DONE(0.325654   SEC) : INIT K-POINTS
 ---------------------------------------------------------
 Self-consistent calculations for electrons
 ---------------------------------------------------------
 SPIN    KPOINTS         PROCESSORS  THREADS     NBASE       
 1       512             1           50          616         
 ---------------------------------------------------------
 Use Systematically Improvable Atomic bases
 ---------------------------------------------------------
 ELEMENT ORBITALS        NBASE       NATOM       XC          
 Li      4s1p-7au        7           88          
 ---------------------------------------------------------
 Initial plane wave basis and FFT box
 ---------------------------------------------------------
 DONE(2.21852    SEC) : INIT PLANEWAVE
 -------------------------------------------
 SELF-CONSISTENT : 
 -------------------------------------------
 START CHARGE      : atomic
 DONE(13.6726    SEC) : INIT SCF
 ITER       ETOT/eV          EDIFF/eV         DRHO     TIME/s
 GE1     -1.71241058e+04   0.00000000e+00   5.4048e-02 123.17
 GE2     -1.71226458e+04   1.45995707e+00   5.3479e-02 118.68
 GE3     -1.71227935e+04  -1.47615536e-01   1.7437e-02 118.63
 GE4     -1.71229484e+04  -1.54982190e-01   1.0068e-02 118.67
 GE5     -1.71229005e+04   4.79726181e-02   6.7847e-03 117.69
 GE6     -1.71229330e+04  -3.25043919e-02   3.4899e-03 117.23
 GE7     -1.71229253e+04   7.63919752e-03   3.4738e-03 117.68
 GE8     -1.71229398e+04  -1.44200200e-02   8.8658e-04 117.15
 GE9     -1.71229368e+04   2.99666262e-03   1.1607e-03 118.83
 GE10    -1.71229379e+04  -1.16289268e-03   1.8989e-04 118.91
 GE11    -1.71229378e+04   1.05403478e-04   1.8645e-04 119.16
 GE12    -1.71229378e+04  -3.73369321e-05   3.0549e-05 117.95
 GE13    -1.71229378e+04   1.78972743e-06   2.8755e-05 118.19
 GE14    -1.71229378e+04  -7.07671335e-07   6.9810e-06 118.28
 GE15    -1.71229378e+04   2.59241800e-09   6.7940e-06 117.93
 GE16    -1.71229378e+04   6.21437861e-08   6.6716e-06 118.29
 GE17    -1.71229378e+04  -3.04655518e-08   3.5055e-06 118.68
 GE18    -1.71229378e+04   1.00572207e-08   3.2724e-06 117.72
 GE19    -1.71229378e+04  -3.54833346e-09   2.8054e-06 117.74
 GE20    -1.71229378e+04   1.69837408e-09   2.7954e-06 117.47
 GE21    -1.71229378e+04   1.30023065e-08   2.5532e-06 117.85
 GE22    -1.71229378e+04  -5.95513681e-09   1.2419e-06 117.57
 GE23    -1.71229378e+04   3.24206928e-09   1.2193e-06 118.58
 GE24    -1.71229378e+04  -9.93038397e-10   3.0773e-07 117.44
 GE25    -1.71229378e+04   3.89790773e-10   3.0297e-07 117.84
 GE26    -1.71229378e+04  -4.76410944e-10   1.5508e-07 119.52
 GE27    -1.71229378e+04   2.01082541e-10   1.5037e-07 118.37
 GE28    -1.71229378e+04   4.82598100e-10   1.4507e-07 118.64
 GE29    -1.71229378e+04  -8.69295295e-10   1.4101e-07 117.56
 GE30    -1.71229378e+04  -1.17555947e-10   1.3733e-07 118.51
 GE31    -1.71229378e+04   3.46480687e-10   6.3393e-08 117.87
 GE32    -1.71229378e+04   2.59860515e-10   6.2468e-08 117.86
 GE33    -1.71229378e+04  -3.18638489e-10   6.2304e-08 118.79
 GE34    -1.71229378e+04  -3.52667842e-10   5.8294e-08 119.10
 GE35    -1.71229378e+04   5.35188918e-10   5.7246e-08 118.25
 GE36    -1.71229378e+04   1.42304568e-10   3.7408e-08 118.48
 GE37    -1.71229378e+04  -1.54678878e-11   3.6605e-08 118.67
 GE38    -1.71229378e+04   1.48491723e-10   2.7065e-08 118.68
 GE39    -1.71229378e+04  -6.37276978e-10   2.6617e-08 117.56
 GE40    -1.71229378e+04   3.21732066e-10   1.6999e-08 118.16
 GE41    -1.71229378e+04  -4.76410944e-10   1.6616e-08 117.75
 GE42    -1.71229378e+04   2.81515558e-10   1.5985e-08 117.96
 GE43    -1.71229378e+04   8.35265942e-11   1.4413e-08 117.36
 GE44    -1.71229378e+04   5.53750383e-10   1.4082e-08 116.85
 GE45    -1.71229378e+04  -3.74322885e-10   1.2147e-08 117.53
 GE46    -1.71229378e+04  -3.27919221e-10   1.1887e-08 118.30
 GE47    -1.71229378e+04   1.05181637e-10   1.1172e-08 117.57
 GE48    -1.71229378e+04   5.50656806e-10   1.0826e-08 119.01
 GE49    -1.71229378e+04  -6.43464133e-10   9.4687e-09 117.44
 Entering 2nd SCF, where EXX is updated
 ITER       ETOT/eV          EDIFF/eV         DRHO     TIME/s
 GE1     -1.71339882e+04   0.00000000e+00   2.0931e-02 1867.77
 GE2     -1.71404196e+04  -6.43141388e+00   5.1165e-03 1797.86
 GE3     -1.71408524e+04  -4.32814063e-01   4.1345e-03 1806.38
 GE4     -1.71408314e+04   2.10122423e-02   4.5354e-03 1800.35
 GE5     -1.71408372e+04  -5.76662408e-03   1.3972e-03 1807.16
 GE6     -1.71408464e+04  -9.25652815e-03   1.3524e-03 1812.93
 GE7     -1.71408431e+04   3.31142880e-03   2.4398e-03 1819.43
 GE8     -1.71408371e+04   5.99944286e-03   2.1961e-03 1801.39
 GE9     -1.71408395e+04  -2.42314613e-03   1.6469e-03 1803.44
 GE10    -1.71408338e+04   5.71017811e-03   1.6077e-03 1792.40
 GE11    -1.71408340e+04  -1.87437099e-04   8.8909e-04 1804.84
 GE12    -1.71408350e+04  -9.58500741e-04   4.7352e-04 1808.25
 GE13    -1.71408360e+04  -1.02863333e-03   3.5576e-04 1780.78
 GE14    -1.71408365e+04  -5.36298408e-04   5.4312e-04 1792.16
 GE15    -1.71408355e+04   1.05512180e-03   5.8605e-04 1811.11
 GE16    -1.71408361e+04  -6.38303303e-04   2.9173e-04 1797.28
 GE17    -1.71408364e+04  -2.43077572e-04   2.9596e-04 1767.07
 GE18    -1.71408365e+04  -1.78565575e-04   3.8150e-04 1791.21
 GE19    -1.71408368e+04  -2.21861576e-04   4.7550e-04 1797.37
 GE20    -1.71408364e+04   3.24182127e-04   5.7883e-04 1793.05
 GE21    -1.71408360e+04   4.35179634e-04   4.7767e-04 1790.35
 GE22    -1.71408359e+04   1.31452743e-04   3.2199e-04 1771.16
 GE23    -1.71408361e+04  -2.33643915e-04   6.7908e-05 1792.92
 GE24    -1.71408361e+04  -2.82387545e-05   8.9465e-05 1765.49
 GE25    -1.71408362e+04  -1.73758734e-05   2.7184e-05 1771.15
 GE26    -1.71408362e+04  -8.45295320e-06   3.8199e-05 1784.99
 GE27    -1.71408362e+04  -5.13202862e-07   6.5975e-05 1783.41
 GE28    -1.71408361e+04   5.71322894e-05   6.6113e-05 1778.34
 GE29    -1.71408362e+04  -8.70465657e-05   3.1606e-04 1796.57
 GE30    -1.71408362e+04   4.86126015e-06   2.7568e-04 1773.66
 GE31    -1.71408362e+04   3.28800272e-05   1.9956e-04 1780.80
 GE32    -1.71408362e+04  -1.36521063e-05   1.2988e-04 1764.70
 GE33    -1.71408361e+04   3.11725178e-05   1.1291e-04 1782.44
 GE34    -1.71408361e+04  -5.64191208e-06   3.3962e-05 1785.35
 GE35    -1.71408362e+04  -1.31544981e-05   3.7848e-05 1775.17
 GE36    -1.71408362e+04  -3.98922704e-06   4.5155e-05 1770.20
 GE37    -1.71408362e+04   1.44357775e-06   4.9465e-05 1770.18
 GE38    -1.71408362e+04  -5.83659091e-07   4.3881e-05 1779.48
 GE39    -1.71408362e+04  -1.47068677e-07   4.5295e-05 1762.46
 GE40    -1.71408362e+04   9.45988176e-07   4.6055e-05 1779.79
 GE41    -1.71408362e+04   1.05743740e-06   4.1505e-05 1787.19
 GE42    -1.71408362e+04  -7.32910906e-06   3.4825e-05 1770.88
 GE43    -1.71408361e+04   2.11016947e-05   7.4790e-05 1782.34
 GE44    -1.71408362e+04  -9.68204703e-06   1.1004e-05 1793.57
 GE45    -1.71408362e+04  -1.59704085e-06   1.3796e-05 1798.94
 GE46    -1.71408362e+04  -3.57772245e-07   5.8967e-06 1790.58
 GE47    -1.71408362e+04   2.77834201e-08   7.6969e-06 1772.06
 GE48    -1.71408362e+04  -4.80618210e-08   6.5668e-06 1782.51
 GE49    -1.71408362e+04  -8.11197908e-08   5.4085e-06 1776.02
 GE50    -1.71408362e+04  -1.75891539e-07   7.0154e-06 1796.70
 GE51    -1.71408362e+04   6.01543063e-07   1.2627e-05 1780.73
 GE52    -1.71408362e+04   2.06780911e-07   1.1823e-05 1771.96
 GE53    -1.71408362e+04  -5.56076754e-07   3.4905e-06 1798.03
 GE54    -1.71408362e+04  -5.50641338e-07   7.4262e-06 1773.53
 GE55    -1.71408362e+04   3.90660068e-07   2.0214e-05 1770.34
 GE56    -1.71408362e+04   5.21645236e-07   1.5015e-05 1797.03
 GE57    -1.71408362e+04  -2.98152818e-07   3.9536e-06 1767.23
 GE58    -1.71408362e+04  -1.10143735e-07   2.8969e-06 1789.87
 GE59    -1.71408362e+04  -2.48104920e-09   3.0985e-06 1798.95
 GE60    -1.71408362e+04   1.86233369e-09   2.8205e-06 1773.95
 GE61    -1.71408362e+04  -9.93966470e-09   4.6932e-06 1787.47
 GE62    -1.71408362e+04   4.23263282e-08   4.0420e-06 1777.33
 GE63    -1.71408362e+04  -2.77122678e-08   2.1741e-06 1787.42
 GE64    -1.71408362e+04   1.02109715e-07   5.1414e-06 1794.54
 GE65    -1.71408362e+04  -8.87207109e-08   2.6149e-06 1783.70
 GE66    -1.71408362e+04   3.89852644e-08   2.3902e-06 1792.54
 GE67    -1.71408362e+04   4.19860347e-08   1.1191e-05 1783.40
 GE68    -1.71408362e+04   1.80293700e-08   6.7863e-06 1787.49
 GE69    -1.71408362e+04  -9.51986623e-08   1.4777e-06 1789.69
 GE70    -1.71408362e+04  -1.58948015e-08   2.0548e-06 1803.65
 GE71    -1.71408362e+04  -8.64871479e-08   1.4315e-06 1781.86
 GE72    -1.71408362e+04   1.45682755e-07   1.2897e-05 1798.05
 GE73    -1.71408362e+04   8.47392766e-08   8.0676e-06 1796.68
 GE74    -1.71408362e+04  -1.65657985e-07   1.4123e-06 1799.88
 GE75    -1.71408362e+04  -6.65119176e-10   6.4123e-06 1802.89
 GE76    -1.71408362e+04   1.07900892e-07   4.7996e-06 1795.72
 GE77    -1.71408362e+04  -7.01159354e-08   2.1442e-06 1784.52
 GE78    -1.71408362e+04  -9.18792536e-09   1.6592e-06 1773.67
 GE79    -1.71408362e+04  -3.52562660e-07   2.7524e-06 1771.16
 GE80    -1.71408362e+04  -9.95228650e-07   2.1455e-05 1764.99
 GE81    -1.71408362e+04   3.59720271e-06   2.9064e-05 1760.19
 GE82    -1.71408362e+04  -1.75192391e-06   1.7496e-06 1767.91
 GE83    -1.71408362e+04  -6.14369036e-07   3.6573e-06 1763.42
 GE84    -1.71408362e+04  -8.08661175e-09   9.4064e-06 1752.57
 GE85    -1.71408362e+04  -1.07418294e-07   9.1343e-06 1719.11
 GE86    -1.71408362e+04   2.83251055e-07   1.1136e-05 1723.83
 GE87    -1.71408362e+04  -1.06647993e-07   5.7889e-06 1722.85
 GE88    -1.71408362e+04   7.78622536e-08   6.1857e-06 1712.31
 GE89    -1.71408362e+04  -1.33243479e-07   2.8477e-06 1719.12
 GE90    -1.71408362e+04   1.41388869e-07   9.6424e-06 1722.08
 GE91    -1.71408362e+04   2.65933208e-07   5.6148e-06 1728.16
 GE92    -1.71408362e+04  -6.57066593e-07   1.3571e-05 1704.71
 GE93    -1.71408362e+04   1.39046721e-06   1.7372e-05 1721.91
 GE94    -1.71408362e+04  -1.10245205e-06   4.1561e-06 1700.66
 GE95    -1.71408362e+04  -6.21075912e-07   1.8880e-05 1697.52
 GE96    -1.71408362e+04  -3.35631510e-07   2.1673e-05 1716.23
 GE97    -1.71408362e+04   5.18050498e-07   2.4194e-05 1710.62
 GE98    -1.71408362e+04  -6.57515162e-07   1.9950e-05 1702.03
 GE99    -1.71408362e+04   6.62464886e-07   2.5570e-05 1701.51
 GE100   -1.71408362e+04   4.53781425e-07   2.0580e-05 1715.18
 !! CONVERGENCE HAS NOT BEEN ACHIEVED !!
TIME STATISTICS
--------------------------------------------------------------------------------------
      CLASS_NAME                  NAME             TIME/s    CALLS     AVG/s   PER/%  
--------------------------------------------------------------------------------------
                       total                      183321.95 9        20369.11  100.00 
 Driver                reading                    0.03      1        0.03      0.00   
 Input_Conv            Convert                    0.00      1        0.00      0.00   
 Driver                driver_line                183321.92 1        183321.92 100.00 
 UnitCell              check_tau                  0.00      1        0.00      0.00   
 ESolver_KS_LCAO       before_all_runners         5.74      1        5.74      0.00   
 PW_Basis_Sup          setuptransform             0.05      1        0.05      0.00   
 PW_Basis_Sup          distributeg                0.01      1        0.01      0.00   
 mymath                heapsort                   0.13      3        0.04      0.00   
 PW_Basis_K            setuptransform             1.21      1        1.21      0.00   
 PW_Basis_K            distributeg                0.00      1        0.00      0.00   
 PW_Basis              setup_struc_factor         0.25      1        0.25      0.00   
 NOrbital_Lm           extra_uniform              0.11      858      0.00      0.00   
 Mathzone_Add1         SplineD2                   0.01      858      0.00      0.00   
 Mathzone_Add1         Cubic_Spline_Interpolation 0.04      858      0.00      0.00   
 Exx_LRI               init                       2.24      1        2.24      0.00   
 Matrix_Orbs21         init                       1.30      2        0.65      0.00   
 ORB_gaunt_table       init_Gaunt_CH              0.01      3        0.00      0.00   
 ORB_gaunt_table       Calc_Gaunt_CH              0.01      7647     0.00      0.00   
 ORB_gaunt_table       init_Gaunt                 0.06      3        0.02      0.00   
 ORB_gaunt_table       Get_Gaunt_SH               0.17      157829   0.00      0.00   
 Matrix_Orbs21         init_radial                0.00      2        0.00      0.00   
 Matrix_Orbs21         init_radial_table          0.50      2        0.25      0.00   
 Center2_Orb           cal_ST_Phi12_R             0.41      1076     0.00      0.00   
 LRI_CV                set_orbitals               0.50      1        0.50      0.00   
 Matrix_Orbs11         init                       0.00      1        0.00      0.00   
 Matrix_Orbs11         init_radial                0.00      1        0.00      0.00   
 Matrix_Orbs11         init_radial_table          0.13      1        0.13      0.00   
 ppcell_vl             init_vloc                  0.12      1        0.12      0.00   
 Ions                  opt_ions                   183313.13 1        183313.13 100.00 
 ESolver_KS_LCAO       runner                     183313.13 1        183313.13 100.00 
 ESolver_KS_LCAO       before_scf                 7.90      1        7.90      0.00   
 ESolver_KS_LCAO       beforesolver               2.60      1        2.60      0.00   
 ESolver_KS_LCAO       set_matrix_grid            0.13      1        0.13      0.00   
 atom_arrange          search                     0.01      1        0.01      0.00   
 Grid_Technique        init                       0.09      1        0.09      0.00   
 Grid_BigCell          grid_expansion_index       0.00      2        0.00      0.00   
 Grid_Driver           Find_atom                  0.00      528      0.00      0.00   
 Record_adj            for_2d                     0.03      1        0.03      0.00   
 LCAO_domain           grid_prepare               0.00      1        0.00      0.00   
 Veff                  initialize_HR              0.01      1        0.01      0.00   
 OverlapNew            initialize_SR              0.01      1        0.01      0.00   
 EkineticNew           initialize_HR              0.01      1        0.01      0.00   
 NonlocalNew           initialize_HR              0.05      1        0.05      0.00   
 Exx_LRI               cal_exx_ions               3.00      1        3.00      0.00   
 LRI_CV                cal_datas                  0.60      2        0.30      0.00   
 Charge                set_rho_core               0.00      1        0.00      0.00   
 Charge                atomic_rho                 0.41      2        0.20      0.00   
 PW_Basis_Sup          recip2real                 53.98     753      0.07      0.03   
 PW_Basis_Sup          gathers_scatterp           0.13      753      0.00      0.00   
 Potential             init_pot                   1.00      1        1.00      0.00   
 Potential             update_from_charge         298.25    150      1.99      0.16   
 Potential             cal_fixed_v                0.08      1        0.08      0.00   
 PotLocal              cal_fixed_v                0.08      1        0.08      0.00   
 Potential             cal_v_eff                  297.95    150      1.99      0.16   
 H_Hartree_pw          v_hartree                  23.11     150      0.15      0.01   
 PW_Basis_Sup          real2recip                 59.81     802      0.07      0.03   
 PW_Basis_Sup          gatherp_scatters           0.15      802      0.00      0.00   
 PotXC                 cal_v_eff                  274.41    150      1.83      0.15   
 XC_Functional         v_xc                       88721.53  100      887.22    48.40  
 Potential             interpolate_vrs            0.22      150      0.00      0.00   
 H_Ewald_pw            compute_ewald              0.03      1        0.03      0.00   
 Charge_Mixing         init_mixing                0.01      2        0.01      0.00   
 HSolverLCAO           solve                      17656.12  149      118.50    9.63   
 HamiltLCAO            updateHk                   5778.20   76288    0.08      3.15   
 OperatorLCAO          init                       308.22    305152   0.00      0.17   
 Veff                  contributeHR               65.30     149      0.44      0.04   
 Gint_interface        cal_gint                   116.33    298      0.39      0.06   
 Gint_interface        cal_gint_vlocal            59.13     149      0.40      0.03   
 Gint_Tools            cal_psir_ylm               16.51     77480    0.00      0.01   
 Gint_k                transfer_pvpR              1.74      149      0.01      0.00   
 OverlapNew            calculate_SR               0.05      1        0.05      0.00   
 OverlapNew            contributeHk               76.96     76288    0.00      0.04   
 EkineticNew           contributeHR               1.00      149      0.01      0.00   
 EkineticNew           calculate_HR               0.07      1        0.07      0.00   
 NonlocalNew           contributeHR               155.55    149      1.04      0.08   
 NonlocalNew           calculate_HR               0.68      1        0.68      0.00   
 OperatorLCAO          contributeHk               5365.57   76288    0.07      2.93   
 HSolverLCAO           hamiltSolvePsiK            6665.17   76288    0.09      3.64   
 DiagoElpa             elpa_solve                 6580.80   76288    0.09      3.59   
 elecstate             cal_dm                     303.87    149      2.04      0.17   
 psiMulPsiMpi          pdgemm                     279.02    76288    0.00      0.15   
 DensityMatrix         cal_DMR                    4844.20   149      32.51     2.64   
 ElecStateLCAO         psiToRho                   58.66     149      0.39      0.03   
 Gint                  transfer_DMR               5.20      149      0.03      0.00   
 Gint_interface        cal_gint_rho               52.77     149      0.35      0.03   
 Charge_Mixing         get_drho                   0.02      149      0.00      0.00   
 Charge                mix_rho                    2.36      148      0.02      0.00   
 Charge                Pulay_mixing               0.45      148      0.00      0.00   
 RI_2D_Comm            split_m2D_ktoR             110022.59 100      1100.23   60.02  
 Exx_LRI               cal_exx_elec               55011.60  100      550.12    30.01  
 RI_2D_Comm            add_HexxR                  26.89     100      0.27      0.01   
 XC_Functional_Libxc   v_xc_libxc                 237.78    100      2.38      0.13   
 ESolver_KS_LCAO       after_scf                  10.24     1        10.24     0.01   
 ModuleIO              write_rhog                 0.13      1        0.13      0.00   
 ModuleIO              save_sparse                5.96      1        5.96      0.00   
 ESolver_KS_LCAO       out_deepks_labels          0.00      1        0.00      0.00   
 LCAO_Deepks_Interface out_deepks_labels          0.00      1        0.00      0.00   
 ESolver_KS_LCAO       after_all_runners          0.73      1        0.73      0.00   
 ModuleIO              write_istate_info          0.73      1        0.73      0.00   
--------------------------------------------------------------------------------------


 START  Time  : Sat Nov 30 22:40:11 2024
 FINISH Time  : Tue Dec  3 01:35:33 2024
 TOTAL  Time  : 183322
 SEE INFORMATION IN : OUT.ABACUS/
