                                                                                     
                              ABACUS v3.8.3

               Atomic-orbital Based Ab-initio Computation at UStc                    

                     Website: http://abacus.ustc.edu.cn/                             
               Documentation: https://abacus.deepmodeling.com/                       
                  Repository: https://github.com/abacusmodeling/abacus-develop       
                              https://github.com/deepmodeling/abacus-develop         
                      Commit: 422ea34 (Tue Nov 19 12:27:17 2024 +0800)

 Sun Dec  1 10:43:52 2024
 MAKE THE DIR         : OUT.ABACUS/
 RUNNING WITH DEVICE  : CPU / AMD EPYC 7702 64-Core Processor
 dft_functional readin is: hse
 dft_functional in pseudopot file is: PBE
 Please make sure this is what you need

%%%%%%%%%%%%%%%%%%%%%%%%%%%%%%%%%%%%%%%%%%%%%%%%%%%%%%%%%%%%%%%%%%%%%%%%%%%%%%%%%%%%%%%%%%%%%%%%%%%%%%%%%
 Warning: the number of valence electrons in pseudopotential > 1 for Li: [He] 2s1
 Pseudopotentials with additional electrons can yield (more) accurate outcomes, but may be less efficient.
 If you're confident that your chosen pseudopotential is appropriate, you can safely ignore this warning.
%%%%%%%%%%%%%%%%%%%%%%%%%%%%%%%%%%%%%%%%%%%%%%%%%%%%%%%%%%%%%%%%%%%%%%%%%%%%%%%%%%%%%%%%%%%%%%%%%%%%%%%%%

 UNIFORM GRID DIM        : 90 * 100 * 64
 UNIFORM GRID DIM(BIG)   : 18 * 20 * 16
 DONE(0.165151   SEC) : SETUP UNITCELL
 DONE(0.170309   SEC) : INIT K-POINTS
 ---------------------------------------------------------
 Self-consistent calculations for electrons
 ---------------------------------------------------------
 SPIN    KPOINTS         PROCESSORS  THREADS     NBASE       
 1       512             1           40          280         
 ---------------------------------------------------------
 Use Systematically Improvable Atomic bases
 ---------------------------------------------------------
 ELEMENT ORBITALS        NBASE       NATOM       XC          
 Li      4s1p-7au        7           40          
 ---------------------------------------------------------
 Initial plane wave basis and FFT box
 ---------------------------------------------------------
 DONE(0.915712   SEC) : INIT PLANEWAVE
 -------------------------------------------
 SELF-CONSISTENT : 
 -------------------------------------------
 START CHARGE      : atomic
 DONE(7.93967    SEC) : INIT SCF
 ITER       ETOT/eV          EDIFF/eV         DRHO     TIME/s
 GE1     -7.78211574e+03   0.00000000e+00   5.7378e-02  83.89
 GE2     -7.78131431e+03   8.01428845e-01   5.6779e-02  54.50
 GE3     -7.78145814e+03  -1.43832412e-01   8.9594e-03  54.67
 GE4     -7.78142435e+03   3.37869375e-02   8.5438e-03  53.86
 GE5     -7.78143799e+03  -1.36353951e-02   3.2424e-03  54.27
 GE6     -7.78144013e+03  -2.14265879e-03   7.7885e-04  54.08
 GE7     -7.78144008e+03   5.01257214e-05   3.0365e-04  53.95
 GE8     -7.78144011e+03  -3.19797482e-05   5.6295e-05  54.13
 GE9     -7.78144011e+03  -1.41953447e-07   3.4163e-05  54.13
 GE10    -7.78144011e+03  -1.26629410e-07   5.4933e-06  55.35
 GE11    -7.78144011e+03   1.14972810e-08   4.6610e-06  54.66
 GE12    -7.78144011e+03  -4.02783798e-09   8.9464e-07  54.15
 GE13    -7.78144011e+03   4.65583423e-10   8.7681e-07  53.95
 GE14    -7.78144011e+03   4.48568746e-11   9.4873e-08  54.89
 GE15    -7.78144011e+03   1.54678878e-11   9.3375e-08  54.69
 GE16    -7.78144011e+03  -1.85614654e-11   1.9675e-08  53.49
 GE17    -7.78144011e+03  -1.70146766e-11   1.9195e-08  54.20
 GE18    -7.78144011e+03   3.24825644e-11   1.8032e-08  54.83
 GE19    -7.78144011e+03  -3.71229307e-11   1.7880e-08  54.87
 GE20    -7.78144011e+03   1.54678878e-11   1.1936e-08  54.30
 GE21    -7.78144011e+03   2.16550429e-11   1.1811e-08  54.48
 GE22    -7.78144011e+03  -2.93889868e-11   1.0683e-08  54.26
 GE23    -7.78144011e+03  -2.16550429e-11   1.0516e-08  54.35
 GE24    -7.78144011e+03   5.25908185e-11   5.2347e-09  53.70
 Entering 2nd SCF, where EXX is updated
 ITER       ETOT/eV          EDIFF/eV         DRHO     TIME/s
 GE1     -7.78682866e+03   0.00000000e+00   2.1207e-02 292.29
 GE2     -7.78977225e+03  -2.94358730e+00   5.3997e-03 294.03
 GE3     -7.78997055e+03  -1.98300386e-01   4.3836e-03 293.16
 GE4     -7.78995921e+03   1.13380415e-02   4.7717e-03 293.84
 GE5     -7.78996176e+03  -2.54518566e-03   1.0429e-03 293.52
 GE6     -7.78996445e+03  -2.69246911e-03   1.1231e-03 293.23
 GE7     -7.78996066e+03   3.78831009e-03   2.1228e-03 290.58
 GE8     -7.78996232e+03  -1.66328924e-03   3.9300e-04 291.66
 GE9     -7.78996194e+03   3.83962265e-04   1.0288e-03 293.10
 GE10    -7.78996188e+03   5.91385131e-05   5.5542e-04 318.74
 GE11    -7.78996192e+03  -4.13429603e-05   1.6346e-04 296.56
 GE12    -7.78996197e+03  -4.93858815e-05   1.4850e-04 296.80
 GE13    -7.78996196e+03   1.15107907e-05   1.9467e-04 292.43
 GE14    -7.78996196e+03   1.91203202e-06   1.1311e-04 294.00
 GE15    -7.78996196e+03   2.94284454e-06   7.8699e-05 313.26
 GE16    -7.78996196e+03  -1.53735492e-06   3.6928e-05 324.13
 GE17    -7.78996196e+03   7.52489540e-07   3.6763e-05 298.85
 GE18    -7.78996196e+03  -3.35018982e-07   2.7568e-06 298.94
 GE19    -7.78996196e+03  -2.78473025e-07   8.7623e-06 294.91
 GE20    -7.78996196e+03   2.83419655e-07   1.7500e-05 292.65
 GE21    -7.78996196e+03  -1.48449960e-07   2.7977e-06 295.37
 GE22    -7.78996196e+03   1.22798015e-07   1.4337e-05 292.00
 GE23    -7.78996196e+03  -7.97617103e-08   7.8492e-07 293.31
 GE24    -7.78996196e+03  -1.18654167e-08   2.8408e-06 292.56
 GE25    -7.78996196e+03  -5.13533875e-10   1.6097e-06 292.11
 GE26    -7.78996196e+03  -1.69373371e-09   8.9710e-07 317.19
 GE27    -7.78996196e+03   5.25908185e-10   1.6554e-06 323.54
 GE28    -7.78996196e+03   5.72311849e-11   1.4642e-06 295.68
 GE29    -7.78996196e+03  -9.28073268e-12   1.3863e-06 294.97
 GE30    -7.78996196e+03  -3.94431139e-10   1.3792e-06 299.75
 GE31    -7.78996196e+03   1.93967313e-09   1.5096e-06 293.99
 GE32    -7.78996196e+03   3.86697195e-11   6.4703e-07 293.99
 GE33    -7.78996196e+03  -3.40293532e-10   4.5858e-07 293.42
 GE34    -7.78996196e+03  -2.87702713e-10   3.8724e-07 296.50
 GE35    -7.78996196e+03   4.59396268e-10   8.3748e-07 293.55
 GE36    -7.78996196e+03  -3.43387109e-10   4.0012e-07 294.40
 GE37    -7.78996196e+03   7.19256783e-10   1.0135e-06 294.34
 GE38    -7.78996196e+03  -3.65042152e-10   3.6078e-07 296.64
 GE39    -7.78996196e+03  -2.05722908e-10   1.4925e-07 298.53
 GE40    -7.78996196e+03   3.40293532e-11   2.4280e-07 297.90
 GE41    -7.78996196e+03   1.39210990e-11   1.9184e-07 308.75
 GE42    -7.78996196e+03  -2.47486205e-11   1.6449e-07 296.27
 GE43    -7.78996196e+03   3.55761420e-11   1.4622e-07 296.14
 GE44    -7.78996196e+03  -2.78421981e-11   1.2937e-07 296.60
 GE45    -7.78996196e+03   2.16550429e-11   1.0799e-07 295.17
 GE46    -7.78996196e+03  -2.47486205e-11   5.4385e-08 294.96
 GE47    -7.78996196e+03  -3.55761420e-11   3.9611e-08 296.91
 GE48    -7.78996196e+03   3.09357756e-11   6.4478e-08 299.80
 GE49    -7.78996196e+03  -4.02165083e-11   3.9622e-08 295.67
 GE50    -7.78996196e+03   2.62954093e-11   4.2381e-08 296.33
 GE51    -7.78996196e+03  -6.18715512e-12   2.8818e-08 305.77
 GE52    -7.78996196e+03   2.47486205e-11   2.5904e-08 296.64
 GE53    -7.78996196e+03  -6.18715512e-12   3.8387e-08 296.68
 GE54    -7.78996196e+03   4.64036634e-12   2.9963e-08 303.87
 GE55    -7.78996196e+03  -1.70146766e-11   2.7677e-08 327.21
 GE56    -7.78996196e+03   2.16550429e-11   7.1583e-08 296.68
 GE57    -7.78996196e+03  -1.39210990e-11   3.4846e-08 316.47
 GE58    -7.78996196e+03   9.28073268e-12   2.8818e-08 297.05
 GE59    -7.78996196e+03  -1.54678878e-12   2.8818e-08 295.98
 GE60    -7.78996196e+03   3.09357756e-11   4.1395e-08 299.46
 GE61    -7.78996196e+03  -2.78421981e-11   5.2621e-08 300.28
 GE62    -7.78996196e+03   1.23743102e-11   3.4024e-08 297.61
 GE63    -7.78996196e+03  -4.94972410e-11   1.5990e-08 297.04
 GE64    -7.78996196e+03   3.40293532e-11   1.0092e-08 297.90
 GE65    -7.78996196e+03   9.28073268e-12   2.0690e-08 300.49
 GE66    -7.78996196e+03  -1.54678878e-11   1.2552e-08 297.50
 GE67    -7.78996196e+03  -1.85614654e-11   9.8653e-09 297.01
TIME STATISTICS
------------------------------------------------------------------------------------
      CLASS_NAME                  NAME             TIME/s   CALLS    AVG/s   PER/%  
------------------------------------------------------------------------------------
                       total                      21354.80 9        2372.76  100.00 
 Driver                reading                    0.03     1        0.03     0.00   
 Input_Conv            Convert                    0.00     1        0.00     0.00   
 Driver                driver_line                21354.77 1        21354.77 100.00 
 UnitCell              check_tau                  0.00     1        0.00     0.00   
 ESolver_KS_LCAO       before_all_runners         4.40     1        4.40     0.02   
 PW_Basis_Sup          setuptransform             0.02     1        0.02     0.00   
 PW_Basis_Sup          distributeg                0.00     1        0.00     0.00   
 mymath                heapsort                   0.04     3        0.01     0.00   
 PW_Basis_K            setuptransform             0.52     1        0.52     0.00   
 PW_Basis_K            distributeg                0.00     1        0.00     0.00   
 PW_Basis              setup_struc_factor         0.13     1        0.13     0.00   
 NOrbital_Lm           extra_uniform              0.23     858      0.00     0.00   
 Mathzone_Add1         SplineD2                   0.01     858      0.00     0.00   
 Mathzone_Add1         Cubic_Spline_Interpolation 0.07     858      0.00     0.00   
 Exx_LRI               init                       2.81     1        2.81     0.01   
 Matrix_Orbs21         init                       1.33     2        0.66     0.01   
 ORB_gaunt_table       init_Gaunt_CH              0.01     3        0.00     0.00   
 ORB_gaunt_table       Calc_Gaunt_CH              0.01     7647     0.00     0.00   
 ORB_gaunt_table       init_Gaunt                 0.06     3        0.02     0.00   
 ORB_gaunt_table       Get_Gaunt_SH               0.26     157829   0.00     0.00   
 Matrix_Orbs21         init_radial                0.00     2        0.00     0.00   
 Matrix_Orbs21         init_radial_table          0.93     2        0.47     0.00   
 Center2_Orb           cal_ST_Phi12_R             0.73     1076     0.00     0.00   
 LRI_CV                set_orbitals               0.95     1        0.95     0.00   
 Matrix_Orbs11         init                       0.00     1        0.00     0.00   
 Matrix_Orbs11         init_radial                0.00     1        0.00     0.00   
 Matrix_Orbs11         init_radial_table          0.22     1        0.22     0.00   
 ppcell_vl             init_vloc                  0.09     1        0.09     0.00   
 Ions                  opt_ions                   21349.51 1        21349.51 99.98  
 ESolver_KS_LCAO       runner                     21349.51 1        21349.51 99.98  
 ESolver_KS_LCAO       before_scf                 3.50     1        3.50     0.02   
 ESolver_KS_LCAO       beforesolver               0.54     1        0.54     0.00   
 ESolver_KS_LCAO       set_matrix_grid            0.06     1        0.06     0.00   
 atom_arrange          search                     0.00     1        0.00     0.00   
 Grid_Technique        init                       0.03     1        0.03     0.00   
 Grid_BigCell          grid_expansion_index       0.00     2        0.00     0.00   
 Grid_Driver           Find_atom                  0.00     240      0.00     0.00   
 Record_adj            for_2d                     0.02     1        0.02     0.00   
 LCAO_domain           grid_prepare               0.00     1        0.00     0.00   
 Veff                  initialize_HR              0.00     1        0.00     0.00   
 OverlapNew            initialize_SR              0.01     1        0.01     0.00   
 EkineticNew           initialize_HR              0.01     1        0.01     0.00   
 NonlocalNew           initialize_HR              0.04     1        0.04     0.00   
 Exx_LRI               cal_exx_ions               1.86     1        1.86     0.01   
 LRI_CV                cal_datas                  0.79     2        0.39     0.00   
 Charge                set_rho_core               0.00     1        0.00     0.00   
 Charge                atomic_rho                 0.23     2        0.12     0.00   
 PW_Basis_Sup          recip2real                 13.70    463      0.03     0.06   
 PW_Basis_Sup          gathers_scatterp           0.14     463      0.00     0.00   
 Potential             init_pot                   0.79     1        0.79     0.00   
 Potential             update_from_charge         90.34    92       0.98     0.42   
 Potential             cal_fixed_v                0.07     1        0.07     0.00   
 PotLocal              cal_fixed_v                0.06     1        0.06     0.00   
 Potential             cal_v_eff                  90.22    92       0.98     0.42   
 H_Hartree_pw          v_hartree                  6.22     92       0.07     0.03   
 PW_Basis_Sup          real2recip                 14.39    487      0.03     0.07   
 PW_Basis_Sup          gatherp_scatters           0.16     487      0.00     0.00   
 PotXC                 cal_v_eff                  83.88    92       0.91     0.39   
 XC_Functional         v_xc                       9852.91  59       167.00   46.14  
 Potential             interpolate_vrs            0.05     92       0.00     0.00   
 H_Ewald_pw            compute_ewald              0.01     1        0.01     0.00   
 Charge_Mixing         init_mixing                0.01     2        0.00     0.00   
 HSolverLCAO           solve                      5055.41  91       55.55    23.67  
 HamiltLCAO            updateHk                   916.08   46592    0.02     4.29   
 OperatorLCAO          init                       52.54    186368   0.00     0.25   
 Veff                  contributeHR               24.28    91       0.27     0.11   
 Gint_interface        cal_gint                   55.67    182      0.31     0.26   
 Gint_interface        cal_gint_vlocal            22.62    91       0.25     0.11   
 Gint_Tools            cal_psir_ylm               4.01     26208    0.00     0.02   
 Gint_k                transfer_pvpR              0.46     91       0.01     0.00   
 OverlapNew            calculate_SR               0.02     1        0.02     0.00   
 OverlapNew            contributeHk               51.31    46592    0.00     0.24   
 EkineticNew           contributeHR               0.09     91       0.00     0.00   
 EkineticNew           calculate_HR               0.02     1        0.02     0.00   
 NonlocalNew           contributeHR               13.93    91       0.15     0.07   
 NonlocalNew           calculate_HR               0.23     1        0.23     0.00   
 OperatorLCAO          contributeHk               803.00   46592    0.02     3.76   
 HSolverLCAO           hamiltSolvePsiK            3363.39  46592    0.07     15.75  
 DiagoElpa             elpa_solve                 3333.81  46592    0.07     15.61  
 elecstate             cal_dm                     84.73    91       0.93     0.40   
 psiMulPsiMpi          pdgemm                     79.95    46592    0.00     0.37   
 DensityMatrix         cal_DMR                    657.70   91       7.23     3.08   
 ElecStateLCAO         psiToRho                   32.82    91       0.36     0.15   
 Gint                  transfer_DMR               0.72     91       0.01     0.00   
 Gint_interface        cal_gint_rho               31.85    91       0.35     0.15   
 Charge_Mixing         get_drho                   0.05     91       0.00     0.00   
 Charge                mix_rho                    2.19     89       0.02     0.01   
 Charge                Pulay_mixing               0.36     89       0.00     0.00   
 RI_2D_Comm            split_m2D_ktoR             11653.22 67       173.93   54.57  
 Exx_LRI               cal_exx_elec               4480.52  67       66.87    20.98  
 RI_2D_Comm            add_HexxR                  8.82     67       0.13     0.04   
 XC_Functional_Libxc   v_xc_libxc                 76.53    67       1.14     0.36   
 ESolver_KS_LCAO       after_scf                  5.69     1        5.69     0.03   
 ModuleIO              write_rhog                 0.06     1        0.06     0.00   
 ModuleIO              save_sparse                3.77     1        3.77     0.02   
 ESolver_KS_LCAO       out_deepks_labels          0.00     1        0.00     0.00   
 LCAO_Deepks_Interface out_deepks_labels          0.00     1        0.00     0.00   
 ESolver_KS_LCAO       after_all_runners          0.21     1        0.21     0.00   
 ModuleIO              write_istate_info          0.21     1        0.21     0.00   
------------------------------------------------------------------------------------


 START  Time  : Sun Dec  1 10:43:52 2024
 FINISH Time  : Sun Dec  1 16:39:47 2024
 TOTAL  Time  : 21355
 SEE INFORMATION IN : OUT.ABACUS/
